This is pdfTeX, Version 3.1415926-2.5-1.40.14 (TeX Live 2013/Debian) (format=pdflatex 2014.4.21)  9 SEP 2014 17:34
entering extended mode
 restricted \write18 enabled.
 %&-line parsing enabled.
**simpleanalyzer-man.tex
(./simpleanalyzer-man.tex
LaTeX2e <2011/06/27>
Babel <3.9h> and hyphenation patterns for 9 languages loaded.
(/usr/share/texlive/texmf-dist/tex/latex/koma-script/scrartcl.cls
Document Class: scrartcl 2013/12/19 v3.12 KOMA-Script document class (article)
(/usr/share/texlive/texmf-dist/tex/latex/koma-script/scrkbase.sty
Package: scrkbase 2013/12/19 v3.12 KOMA-Script package (KOMA-Script-dependent b
asics and keyval usage)

(/usr/share/texlive/texmf-dist/tex/latex/koma-script/scrbase.sty
Package: scrbase 2013/12/19 v3.12 KOMA-Script package (KOMA-Script-independent 
basics and keyval usage)

(/usr/share/texlive/texmf-dist/tex/latex/graphics/keyval.sty
Package: keyval 1999/03/16 v1.13 key=value parser (DPC)
\KV@toks@=\toks14
)
(/usr/share/texlive/texmf-dist/tex/latex/koma-script/scrlfile.sty
Package: scrlfile 2013/12/19 v3.12 KOMA-Script package (loading files)

Package scrlfile, 2013/12/19 v3.12 KOMA-Script package (loading files)
                  Copyright (C) Markus Kohm

))) (/usr/share/texlive/texmf-dist/tex/latex/koma-script/tocbasic.sty
Package: tocbasic 2013/12/19 v3.12 KOMA-Script package (handling toc-files)
)
Package tocbasic Info: omitting babel extension for `toc'
(tocbasic)             because of feature `nobabel' available
(tocbasic)             for `toc' on input line 115.
Package tocbasic Info: omitting babel extension for `lof'
(tocbasic)             because of feature `nobabel' available
(tocbasic)             for `lof' on input line 116.
Package tocbasic Info: omitting babel extension for `lot'
(tocbasic)             because of feature `nobabel' available
(tocbasic)             for `lot' on input line 117.
Package scrartcl Info: You've used standard option `10pt'.
(scrartcl)             This is correct!
(scrartcl)             Internally I'm using `fontsize=10pt'.
(scrartcl)             If you'd like to set the option with \KOMAoptions,
(scrartcl)             you'd have to use `fontsize=10pt' there
(scrartcl)             instead of `10pt', too.
Package scrbase Info: Unknown processing state.
(scrbase)             Processing option `twoside'
(scrbase)             of member `.scrartcl.cls' of family
(scrbase)             `KOMA' doesn't set
(scrbase)             a valid state. This will be interpreted
(scrbase)             as \FamilyKeyStateProcessed on input line 1150.
Class scrartcl Info: File `scrsize10pt.clo' used to setup font sizes on input l
ine 1531.

(/usr/share/texlive/texmf-dist/tex/latex/koma-script/scrsize10pt.clo
File: scrsize10pt.clo 2013/12/19 v3.12 KOMA-Script font size class option (10pt
)
)
(/usr/share/texlive/texmf-dist/tex/latex/koma-script/typearea.sty
Package: typearea 2013/12/19 v3.12 KOMA-Script package (type area)

Package typearea, 2013/12/19 v3.12 KOMA-Script package (type area)
                  Copyright (C) Frank Neukam, 1992-1994
                  Copyright (C) Markus Kohm, 1994-

\ta@bcor=\skip41
\ta@div=\count79
Package typearea Info: You've used standard option `a5paper'.
(typearea)             This is correct!
(typearea)             Internally I'm using `paper=a5'.
(typearea)             If you'd like to set the option with \KOMAoptions,
(typearea)             you'd have to use `paper=a5' there
(typearea)             instead of `a5paper', too.
\ta@hblk=\skip42
\ta@vblk=\skip43
\ta@temp=\skip44
\footheight=\skip45

Package typearea Warning: Maybe no optimal type area settings!
(typearea)                The maximum limit of line width is about 19%
(typearea)                larger than the heuristically detected line width.
(typearea)                You may e.g. increase DIV, decrease fontsize
(typearea)                or change the papersize.

Package typearea Info: These are the values describing the layout:
(typearea)             DIV  = 8
(typearea)             BCOR = 0.0pt
(typearea)             \paperwidth      = 421.10083pt
(typearea)              \textwidth      = 263.18802pt
(typearea)              DIV departure   = 19%
(typearea)              \evensidemargin = 33.00522pt
(typearea)              \oddsidemargin  = -19.63239pt
(typearea)             \paperheight     = 597.50793pt
(typearea)              \textheight     = 382.0pt
(typearea)              \topmargin      = -30.5815pt
(typearea)              \headheight     = 15.0pt
(typearea)              \headsep        = 18.0pt
(typearea)              \topskip        = 10.0pt
(typearea)              \footskip       = 42.0pt
(typearea)              \baselineskip   = 12.0pt
(typearea)              on input line 1330.
)
\c@part=\count80
\c@section=\count81
\c@subsection=\count82
\c@subsubsection=\count83
\c@paragraph=\count84
\c@subparagraph=\count85
\abovecaptionskip=\skip46
\belowcaptionskip=\skip47
\c@pti@nb@sid@b@x=\box26
\c@figure=\count86
\c@table=\count87
\bibindent=\dimen102
) (/usr/share/texmf/tex/latex/lm/lmodern.sty
Package: lmodern 2009/10/30 v1.6 Latin Modern Fonts
LaTeX Font Info:    Overwriting symbol font `operators' in version `normal'
(Font)                  OT1/cmr/m/n --> OT1/lmr/m/n on input line 22.
LaTeX Font Info:    Overwriting symbol font `letters' in version `normal'
(Font)                  OML/cmm/m/it --> OML/lmm/m/it on input line 23.
LaTeX Font Info:    Overwriting symbol font `symbols' in version `normal'
(Font)                  OMS/cmsy/m/n --> OMS/lmsy/m/n on input line 24.
LaTeX Font Info:    Overwriting symbol font `largesymbols' in version `normal'
(Font)                  OMX/cmex/m/n --> OMX/lmex/m/n on input line 25.
LaTeX Font Info:    Overwriting symbol font `operators' in version `bold'
(Font)                  OT1/cmr/bx/n --> OT1/lmr/bx/n on input line 26.
LaTeX Font Info:    Overwriting symbol font `letters' in version `bold'
(Font)                  OML/cmm/b/it --> OML/lmm/b/it on input line 27.
LaTeX Font Info:    Overwriting symbol font `symbols' in version `bold'
(Font)                  OMS/cmsy/b/n --> OMS/lmsy/b/n on input line 28.
LaTeX Font Info:    Overwriting symbol font `largesymbols' in version `bold'
(Font)                  OMX/cmex/m/n --> OMX/lmex/m/n on input line 29.
LaTeX Font Info:    Overwriting math alphabet `\mathbf' in version `normal'
(Font)                  OT1/cmr/bx/n --> OT1/lmr/bx/n on input line 31.
LaTeX Font Info:    Overwriting math alphabet `\mathsf' in version `normal'
(Font)                  OT1/cmss/m/n --> OT1/lmss/m/n on input line 32.
LaTeX Font Info:    Overwriting math alphabet `\mathit' in version `normal'
(Font)                  OT1/cmr/m/it --> OT1/lmr/m/it on input line 33.
LaTeX Font Info:    Overwriting math alphabet `\mathtt' in version `normal'
(Font)                  OT1/cmtt/m/n --> OT1/lmtt/m/n on input line 34.
LaTeX Font Info:    Overwriting math alphabet `\mathbf' in version `bold'
(Font)                  OT1/cmr/bx/n --> OT1/lmr/bx/n on input line 35.
LaTeX Font Info:    Overwriting math alphabet `\mathsf' in version `bold'
(Font)                  OT1/cmss/bx/n --> OT1/lmss/bx/n on input line 36.
LaTeX Font Info:    Overwriting math alphabet `\mathit' in version `bold'
(Font)                  OT1/cmr/bx/it --> OT1/lmr/bx/it on input line 37.
LaTeX Font Info:    Overwriting math alphabet `\mathtt' in version `bold'
(Font)                  OT1/cmtt/m/n --> OT1/lmtt/m/n on input line 38.
)
(/usr/share/texlive/texmf-dist/tex/latex/base/fontenc.sty
Package: fontenc 2005/09/27 v1.99g Standard LaTeX package

(/usr/share/texlive/texmf-dist/tex/latex/base/t1enc.def
File: t1enc.def 2005/09/27 v1.99g Standard LaTeX file
LaTeX Font Info:    Redeclaring font encoding T1 on input line 43.
))
(/usr/share/texlive/texmf-dist/tex/latex/base/inputenc.sty
Package: inputenc 2008/03/30 v1.1d Input encoding file
\inpenc@prehook=\toks15
\inpenc@posthook=\toks16

(/usr/share/texlive/texmf-dist/tex/latex/base/utf8.def
File: utf8.def 2008/04/05 v1.1m UTF-8 support for inputenc
Now handling font encoding OML ...
... no UTF-8 mapping file for font encoding OML
Now handling font encoding T1 ...
... processing UTF-8 mapping file for font encoding T1

(/usr/share/texlive/texmf-dist/tex/latex/base/t1enc.dfu
File: t1enc.dfu 2008/04/05 v1.1m UTF-8 support for inputenc
   defining Unicode char U+00A1 (decimal 161)
   defining Unicode char U+00A3 (decimal 163)
   defining Unicode char U+00AB (decimal 171)
   defining Unicode char U+00BB (decimal 187)
   defining Unicode char U+00BF (decimal 191)
   defining Unicode char U+00C0 (decimal 192)
   defining Unicode char U+00C1 (decimal 193)
   defining Unicode char U+00C2 (decimal 194)
   defining Unicode char U+00C3 (decimal 195)
   defining Unicode char U+00C4 (decimal 196)
   defining Unicode char U+00C5 (decimal 197)
   defining Unicode char U+00C6 (decimal 198)
   defining Unicode char U+00C7 (decimal 199)
   defining Unicode char U+00C8 (decimal 200)
   defining Unicode char U+00C9 (decimal 201)
   defining Unicode char U+00CA (decimal 202)
   defining Unicode char U+00CB (decimal 203)
   defining Unicode char U+00CC (decimal 204)
   defining Unicode char U+00CD (decimal 205)
   defining Unicode char U+00CE (decimal 206)
   defining Unicode char U+00CF (decimal 207)
   defining Unicode char U+00D0 (decimal 208)
   defining Unicode char U+00D1 (decimal 209)
   defining Unicode char U+00D2 (decimal 210)
   defining Unicode char U+00D3 (decimal 211)
   defining Unicode char U+00D4 (decimal 212)
   defining Unicode char U+00D5 (decimal 213)
   defining Unicode char U+00D6 (decimal 214)
   defining Unicode char U+00D8 (decimal 216)
   defining Unicode char U+00D9 (decimal 217)
   defining Unicode char U+00DA (decimal 218)
   defining Unicode char U+00DB (decimal 219)
   defining Unicode char U+00DC (decimal 220)
   defining Unicode char U+00DD (decimal 221)
   defining Unicode char U+00DE (decimal 222)
   defining Unicode char U+00DF (decimal 223)
   defining Unicode char U+00E0 (decimal 224)
   defining Unicode char U+00E1 (decimal 225)
   defining Unicode char U+00E2 (decimal 226)
   defining Unicode char U+00E3 (decimal 227)
   defining Unicode char U+00E4 (decimal 228)
   defining Unicode char U+00E5 (decimal 229)
   defining Unicode char U+00E6 (decimal 230)
   defining Unicode char U+00E7 (decimal 231)
   defining Unicode char U+00E8 (decimal 232)
   defining Unicode char U+00E9 (decimal 233)
   defining Unicode char U+00EA (decimal 234)
   defining Unicode char U+00EB (decimal 235)
   defining Unicode char U+00EC (decimal 236)
   defining Unicode char U+00ED (decimal 237)
   defining Unicode char U+00EE (decimal 238)
   defining Unicode char U+00EF (decimal 239)
   defining Unicode char U+00F0 (decimal 240)
   defining Unicode char U+00F1 (decimal 241)
   defining Unicode char U+00F2 (decimal 242)
   defining Unicode char U+00F3 (decimal 243)
   defining Unicode char U+00F4 (decimal 244)
   defining Unicode char U+00F5 (decimal 245)
   defining Unicode char U+00F6 (decimal 246)
   defining Unicode char U+00F8 (decimal 248)
   defining Unicode char U+00F9 (decimal 249)
   defining Unicode char U+00FA (decimal 250)
   defining Unicode char U+00FB (decimal 251)
   defining Unicode char U+00FC (decimal 252)
   defining Unicode char U+00FD (decimal 253)
   defining Unicode char U+00FE (decimal 254)
   defining Unicode char U+00FF (decimal 255)
   defining Unicode char U+0102 (decimal 258)
   defining Unicode char U+0103 (decimal 259)
   defining Unicode char U+0104 (decimal 260)
   defining Unicode char U+0105 (decimal 261)
   defining Unicode char U+0106 (decimal 262)
   defining Unicode char U+0107 (decimal 263)
   defining Unicode char U+010C (decimal 268)
   defining Unicode char U+010D (decimal 269)
   defining Unicode char U+010E (decimal 270)
   defining Unicode char U+010F (decimal 271)
   defining Unicode char U+0110 (decimal 272)
   defining Unicode char U+0111 (decimal 273)
   defining Unicode char U+0118 (decimal 280)
   defining Unicode char U+0119 (decimal 281)
   defining Unicode char U+011A (decimal 282)
   defining Unicode char U+011B (decimal 283)
   defining Unicode char U+011E (decimal 286)
   defining Unicode char U+011F (decimal 287)
   defining Unicode char U+0130 (decimal 304)
   defining Unicode char U+0131 (decimal 305)
   defining Unicode char U+0132 (decimal 306)
   defining Unicode char U+0133 (decimal 307)
   defining Unicode char U+0139 (decimal 313)
   defining Unicode char U+013A (decimal 314)
   defining Unicode char U+013D (decimal 317)
   defining Unicode char U+013E (decimal 318)
   defining Unicode char U+0141 (decimal 321)
   defining Unicode char U+0142 (decimal 322)
   defining Unicode char U+0143 (decimal 323)
   defining Unicode char U+0144 (decimal 324)
   defining Unicode char U+0147 (decimal 327)
   defining Unicode char U+0148 (decimal 328)
   defining Unicode char U+014A (decimal 330)
   defining Unicode char U+014B (decimal 331)
   defining Unicode char U+0150 (decimal 336)
   defining Unicode char U+0151 (decimal 337)
   defining Unicode char U+0152 (decimal 338)
   defining Unicode char U+0153 (decimal 339)
   defining Unicode char U+0154 (decimal 340)
   defining Unicode char U+0155 (decimal 341)
   defining Unicode char U+0158 (decimal 344)
   defining Unicode char U+0159 (decimal 345)
   defining Unicode char U+015A (decimal 346)
   defining Unicode char U+015B (decimal 347)
   defining Unicode char U+015E (decimal 350)
   defining Unicode char U+015F (decimal 351)
   defining Unicode char U+0160 (decimal 352)
   defining Unicode char U+0161 (decimal 353)
   defining Unicode char U+0162 (decimal 354)
   defining Unicode char U+0163 (decimal 355)
   defining Unicode char U+0164 (decimal 356)
   defining Unicode char U+0165 (decimal 357)
   defining Unicode char U+016E (decimal 366)
   defining Unicode char U+016F (decimal 367)
   defining Unicode char U+0170 (decimal 368)
   defining Unicode char U+0171 (decimal 369)
   defining Unicode char U+0178 (decimal 376)
   defining Unicode char U+0179 (decimal 377)
   defining Unicode char U+017A (decimal 378)
   defining Unicode char U+017B (decimal 379)
   defining Unicode char U+017C (decimal 380)
   defining Unicode char U+017D (decimal 381)
   defining Unicode char U+017E (decimal 382)
   defining Unicode char U+200C (decimal 8204)
   defining Unicode char U+2013 (decimal 8211)
   defining Unicode char U+2014 (decimal 8212)
   defining Unicode char U+2018 (decimal 8216)
   defining Unicode char U+2019 (decimal 8217)
   defining Unicode char U+201A (decimal 8218)
   defining Unicode char U+201C (decimal 8220)
   defining Unicode char U+201D (decimal 8221)
   defining Unicode char U+201E (decimal 8222)
   defining Unicode char U+2030 (decimal 8240)
   defining Unicode char U+2031 (decimal 8241)
   defining Unicode char U+2039 (decimal 8249)
   defining Unicode char U+203A (decimal 8250)
   defining Unicode char U+2423 (decimal 9251)
)
Now handling font encoding OT1 ...
... processing UTF-8 mapping file for font encoding OT1

(/usr/share/texlive/texmf-dist/tex/latex/base/ot1enc.dfu
File: ot1enc.dfu 2008/04/05 v1.1m UTF-8 support for inputenc
   defining Unicode char U+00A1 (decimal 161)
   defining Unicode char U+00A3 (decimal 163)
   defining Unicode char U+00B8 (decimal 184)
   defining Unicode char U+00BF (decimal 191)
   defining Unicode char U+00C5 (decimal 197)
   defining Unicode char U+00C6 (decimal 198)
   defining Unicode char U+00D8 (decimal 216)
   defining Unicode char U+00DF (decimal 223)
   defining Unicode char U+00E6 (decimal 230)
   defining Unicode char U+00EC (decimal 236)
   defining Unicode char U+00ED (decimal 237)
   defining Unicode char U+00EE (decimal 238)
   defining Unicode char U+00EF (decimal 239)
   defining Unicode char U+00F8 (decimal 248)
   defining Unicode char U+0131 (decimal 305)
   defining Unicode char U+0141 (decimal 321)
   defining Unicode char U+0142 (decimal 322)
   defining Unicode char U+0152 (decimal 338)
   defining Unicode char U+0153 (decimal 339)
   defining Unicode char U+2013 (decimal 8211)
   defining Unicode char U+2014 (decimal 8212)
   defining Unicode char U+2018 (decimal 8216)
   defining Unicode char U+2019 (decimal 8217)
   defining Unicode char U+201C (decimal 8220)
   defining Unicode char U+201D (decimal 8221)
)
Now handling font encoding OMS ...
... processing UTF-8 mapping file for font encoding OMS

(/usr/share/texlive/texmf-dist/tex/latex/base/omsenc.dfu
File: omsenc.dfu 2008/04/05 v1.1m UTF-8 support for inputenc
   defining Unicode char U+00A7 (decimal 167)
   defining Unicode char U+00B6 (decimal 182)
   defining Unicode char U+00B7 (decimal 183)
   defining Unicode char U+2020 (decimal 8224)
   defining Unicode char U+2021 (decimal 8225)
   defining Unicode char U+2022 (decimal 8226)
)
Now handling font encoding OMX ...
... no UTF-8 mapping file for font encoding OMX
Now handling font encoding U ...
... no UTF-8 mapping file for font encoding U
   defining Unicode char U+00A9 (decimal 169)
   defining Unicode char U+00AA (decimal 170)
   defining Unicode char U+00AE (decimal 174)
   defining Unicode char U+00BA (decimal 186)
   defining Unicode char U+02C6 (decimal 710)
   defining Unicode char U+02DC (decimal 732)
   defining Unicode char U+200C (decimal 8204)
   defining Unicode char U+2026 (decimal 8230)
   defining Unicode char U+2122 (decimal 8482)
   defining Unicode char U+2423 (decimal 9251)
))
(/usr/share/texlive/texmf-dist/tex/latex/tools/array.sty
Package: array 2008/09/09 v2.4c Tabular extension package (FMi)
\col@sep=\dimen103
\extrarowheight=\dimen104
\NC@list=\toks17
\extratabsurround=\skip48
\backup@length=\skip49
)
(/usr/share/texlive/texmf-dist/tex/latex/graphics/graphicx.sty
Package: graphicx 1999/02/16 v1.0f Enhanced LaTeX Graphics (DPC,SPQR)

(/usr/share/texlive/texmf-dist/tex/latex/graphics/graphics.sty
Package: graphics 2009/02/05 v1.0o Standard LaTeX Graphics (DPC,SPQR)

(/usr/share/texlive/texmf-dist/tex/latex/graphics/trig.sty
Package: trig 1999/03/16 v1.09 sin cos tan (DPC)
)
(/usr/share/texlive/texmf-dist/tex/latex/latexconfig/graphics.cfg
File: graphics.cfg 2010/04/23 v1.9 graphics configuration of TeX Live
)
Package graphics Info: Driver file: pdftex.def on input line 91.

(/usr/share/texlive/texmf-dist/tex/latex/pdftex-def/pdftex.def
File: pdftex.def 2011/05/27 v0.06d Graphics/color for pdfTeX

(/usr/share/texlive/texmf-dist/tex/generic/oberdiek/infwarerr.sty
Package: infwarerr 2010/04/08 v1.3 Providing info/warning/error messages (HO)
)
(/usr/share/texlive/texmf-dist/tex/generic/oberdiek/ltxcmds.sty
Package: ltxcmds 2011/11/09 v1.22 LaTeX kernel commands for general use (HO)
)
\Gread@gobject=\count88
))
\Gin@req@height=\dimen105
\Gin@req@width=\dimen106
)
(/usr/share/texlive/texmf-dist/tex/latex/caption/caption.sty
Package: caption 2013/05/02 v3.3-89 Customizing captions (AR)

(/usr/share/texlive/texmf-dist/tex/latex/caption/caption3.sty
Package: caption3 2013/05/02 v1.6-88 caption3 kernel (AR)
Package caption3 Info: TeX engine: e-TeX on input line 57.
\captionmargin=\dimen107
\captionmargin@=\dimen108
\captionwidth=\dimen109
\caption@tempdima=\dimen110
\caption@indent=\dimen111
\caption@parindent=\dimen112
\caption@hangindent=\dimen113
)
Package caption Info: KOMA-Script document class.
\c@ContinuedFloat=\count89
)
(/usr/share/texlive/texmf-dist/tex/latex/caption/subcaption.sty
Package: subcaption 2013/02/03 v1.1-62 Sub-captions (AR)
\c@subfigure=\count90
\c@subtable=\count91
)
(/usr/share/texlive/texmf-dist/tex/generic/babel/babel.sty
Package: babel 2013/12/03 3.9h The Babel package

(/usr/share/texlive/texmf-dist/tex/generic/babel-german/ngermanb.ldf
Language: ngermanb 2013/12/13 v2.7 German support for babel (new orthography)

(/usr/share/texlive/texmf-dist/tex/generic/babel/babel.def
File: babel.def 2013/12/03 3.9h Babel common definitions
\babel@savecnt=\count92
\U@D=\dimen114
)
\l@naustrian = a dialect from \language\l@ngerman 
\l@nswissgerman = a dialect from \language\l@ngerman 
Package babel Info: Making " an active character on input line 88.
))
(/usr/share/texlive/texmf-dist/tex/latex/listings/listings.sty
\lst@mode=\count93
\lst@gtempboxa=\box27
\lst@token=\toks18
\lst@length=\count94
\lst@currlwidth=\dimen115
\lst@column=\count95
\lst@pos=\count96
\lst@lostspace=\dimen116
\lst@width=\dimen117
\lst@newlines=\count97
\lst@lineno=\count98
\lst@maxwidth=\dimen118

(/usr/share/texlive/texmf-dist/tex/latex/listings/lstmisc.sty
File: lstmisc.sty 2013/08/26 1.5b (Carsten Heinz)
\c@lstnumber=\count99
\lst@skipnumbers=\count100
\lst@framebox=\box28
)
(/usr/share/texlive/texmf-dist/tex/latex/listings/listings.cfg
File: listings.cfg 2013/08/26 1.5b listings configuration
))
Package: listings 2013/08/26 1.5b (Carsten Heinz)

(/usr/share/texlive/texmf-dist/tex/latex/psnfss/courier.sty
Package: courier 2005/04/12 PSNFSS-v9.2a (WaS) 
)
(/usr/share/texlive/texmf-dist/tex/latex/hyperref/hyperref.sty
Package: hyperref 2012/11/06 v6.83m Hypertext links for LaTeX

(/usr/share/texlive/texmf-dist/tex/generic/oberdiek/hobsub-hyperref.sty
Package: hobsub-hyperref 2012/05/28 v1.13 Bundle oberdiek, subset hyperref (HO)


(/usr/share/texlive/texmf-dist/tex/generic/oberdiek/hobsub-generic.sty
Package: hobsub-generic 2012/05/28 v1.13 Bundle oberdiek, subset generic (HO)
Package: hobsub 2012/05/28 v1.13 Construct package bundles (HO)
Package hobsub Info: Skipping package `infwarerr' (already loaded).
Package hobsub Info: Skipping package `ltxcmds' (already loaded).
Package: ifluatex 2010/03/01 v1.3 Provides the ifluatex switch (HO)
Package ifluatex Info: LuaTeX not detected.
Package: ifvtex 2010/03/01 v1.5 Detect VTeX and its facilities (HO)
Package ifvtex Info: VTeX not detected.
Package: intcalc 2007/09/27 v1.1 Expandable calculations with integers (HO)
Package: ifpdf 2011/01/30 v2.3 Provides the ifpdf switch (HO)
Package ifpdf Info: pdfTeX in PDF mode is detected.
Package: etexcmds 2011/02/16 v1.5 Avoid name clashes with e-TeX commands (HO)
Package etexcmds Info: Could not find \expanded.
(etexcmds)             That can mean that you are not using pdfTeX 1.50 or
(etexcmds)             that some package has redefined \expanded.
(etexcmds)             In the latter case, load this package earlier.
Package: kvsetkeys 2012/04/25 v1.16 Key value parser (HO)
Package: kvdefinekeys 2011/04/07 v1.3 Define keys (HO)
Package: pdftexcmds 2011/11/29 v0.20 Utility functions of pdfTeX for LuaTeX (HO
)
Package pdftexcmds Info: LuaTeX not detected.
Package pdftexcmds Info: \pdf@primitive is available.
Package pdftexcmds Info: \pdf@ifprimitive is available.
Package pdftexcmds Info: \pdfdraftmode found.
Package: pdfescape 2011/11/25 v1.13 Implements pdfTeX's escape features (HO)
Package: bigintcalc 2012/04/08 v1.3 Expandable calculations on big integers (HO
)
Package: bitset 2011/01/30 v1.1 Handle bit-vector datatype (HO)
Package: uniquecounter 2011/01/30 v1.2 Provide unlimited unique counter (HO)
)
Package hobsub Info: Skipping package `hobsub' (already loaded).
Package: letltxmacro 2010/09/02 v1.4 Let assignment for LaTeX macros (HO)
Package: hopatch 2012/05/28 v1.2 Wrapper for package hooks (HO)
Package: xcolor-patch 2011/01/30 xcolor patch
Package: atveryend 2011/06/30 v1.8 Hooks at the very end of document (HO)
Package atveryend Info: \enddocument detected (standard20110627).
Package: atbegshi 2011/10/05 v1.16 At begin shipout hook (HO)
Package: refcount 2011/10/16 v3.4 Data extraction from label references (HO)
Package: hycolor 2011/01/30 v1.7 Color options for hyperref/bookmark (HO)
)
(/usr/share/texlive/texmf-dist/tex/generic/ifxetex/ifxetex.sty
Package: ifxetex 2010/09/12 v0.6 Provides ifxetex conditional
)
(/usr/share/texlive/texmf-dist/tex/latex/oberdiek/auxhook.sty
Package: auxhook 2011/03/04 v1.3 Hooks for auxiliary files (HO)
)
(/usr/share/texlive/texmf-dist/tex/latex/oberdiek/kvoptions.sty
Package: kvoptions 2011/06/30 v3.11 Key value format for package options (HO)
)
\@linkdim=\dimen119
\Hy@linkcounter=\count101
\Hy@pagecounter=\count102

(/usr/share/texlive/texmf-dist/tex/latex/hyperref/pd1enc.def
File: pd1enc.def 2012/11/06 v6.83m Hyperref: PDFDocEncoding definition (HO)
Now handling font encoding PD1 ...
... no UTF-8 mapping file for font encoding PD1
)
\Hy@SavedSpaceFactor=\count103

(/usr/share/texlive/texmf-dist/tex/latex/latexconfig/hyperref.cfg
File: hyperref.cfg 2002/06/06 v1.2 hyperref configuration of TeXLive
)
Package hyperref Info: Hyper figures OFF on input line 4443.
Package hyperref Info: Link nesting OFF on input line 4448.
Package hyperref Info: Hyper index ON on input line 4451.
Package hyperref Info: Plain pages OFF on input line 4458.
Package hyperref Info: Backreferencing OFF on input line 4463.
Package hyperref Info: Implicit mode ON; LaTeX internals redefined.
Package hyperref Info: Bookmarks ON on input line 4688.
\c@Hy@tempcnt=\count104

(/usr/share/texlive/texmf-dist/tex/latex/url/url.sty
\Urlmuskip=\muskip10
Package: url 2013/09/16  ver 3.4  Verb mode for urls, etc.
)
LaTeX Info: Redefining \url on input line 5041.
\XeTeXLinkMargin=\dimen120
\Fld@menulength=\count105
\Field@Width=\dimen121
\Fld@charsize=\dimen122
Package hyperref Info: Hyper figures OFF on input line 6295.
Package hyperref Info: Link nesting OFF on input line 6300.
Package hyperref Info: Hyper index ON on input line 6303.
Package hyperref Info: backreferencing OFF on input line 6310.
Package hyperref Info: Link coloring OFF on input line 6315.
Package hyperref Info: Link coloring with OCG OFF on input line 6320.
Package hyperref Info: PDF/A mode OFF on input line 6325.
LaTeX Info: Redefining \ref on input line 6365.
LaTeX Info: Redefining \pageref on input line 6369.
\Hy@abspage=\count106
\c@Item=\count107
\c@Hfootnote=\count108
)

Package hyperref Message: Driver (autodetected): hpdftex.

(/usr/share/texlive/texmf-dist/tex/latex/hyperref/hpdftex.def
File: hpdftex.def 2012/11/06 v6.83m Hyperref driver for pdfTeX
\Fld@listcount=\count109
\c@bookmark@seq@number=\count110

(/usr/share/texlive/texmf-dist/tex/latex/oberdiek/rerunfilecheck.sty
Package: rerunfilecheck 2011/04/15 v1.7 Rerun checks for auxiliary files (HO)
Package uniquecounter Info: New unique counter `rerunfilecheck' on input line 2
82.
)
\Hy@SectionHShift=\skip50
)
(/usr/share/texlive/texmf-dist/tex/latex/floatflt/floatflt.sty
Package: floatflt 1997/07/16 v. 1.31
\c@OptionTest=\count111
\figbox=\box29
\tabbox=\box30
\pagebox=\box31
\ffigcount=\count112
\ftabcount=\count113
\fftest=\count114
\hangcount=\count115
\nosuccesstryfig=\count116
\nosuccesstrytab=\count117
\figgutter=\dimen123
\tabgutter=\dimen124
\htdone=\dimen125
\pageht=\dimen126
\startpageht=\dimen127
\tabbredd=\dimen128
\floatfltwidth=\dimen129
\fltitemwidth=\dimen130
\outputpretest=\toks19
)
(/usr/share/texlive/texmf-dist/tex/latex/float/float.sty
Package: float 2001/11/08 v1.3d Float enhancements (AL)
\c@float@type=\count118
\float@exts=\toks20
\float@box=\box32
\@float@everytoks=\toks21
\@floatcapt=\box33
)

Class scrartcl Warning: Usage of package `fancyhdr' together
(scrartcl)              with a KOMA-Script class is not recommended.
(scrartcl)              I'd suggest to use 
(scrartcl)              package `scrpage2' or `scrlayer-scrpage'.
(scrartcl)              Nevertheless, using requested
(scrartcl)              package `fancyhdr' on input line 36.

(/usr/share/texlive/texmf-dist/tex/latex/fancyhdr/fancyhdr.sty
\fancy@headwidth=\skip51
\f@ncyO@elh=\skip52
\f@ncyO@erh=\skip53
\f@ncyO@olh=\skip54
\f@ncyO@orh=\skip55
\f@ncyO@elf=\skip56
\f@ncyO@erf=\skip57
\f@ncyO@olf=\skip58
\f@ncyO@orf=\skip59
)
(/usr/share/texlive/texmf-dist/tex/latex/framed/framed.sty
Package: framed 2011/10/22 v 0.96: framed or shaded text with page breaks
\OuterFrameSep=\skip60
\fb@frw=\dimen131
\fb@frh=\dimen132
\FrameRule=\dimen133
\FrameSep=\dimen134
)
(/usr/share/texmf/tex/latex/xcolor/xcolor.sty
Package: xcolor 2007/01/21 v2.11 LaTeX color extensions (UK)

(/usr/share/texlive/texmf-dist/tex/latex/latexconfig/color.cfg
File: color.cfg 2007/01/18 v1.5 color configuration of teTeX/TeXLive
)
Package xcolor Info: Driver file: pdftex.def on input line 225.
Package xcolor Info: Model `cmy' substituted by `cmy0' on input line 1337.
Package xcolor Info: Model `hsb' substituted by `rgb' on input line 1341.
Package xcolor Info: Model `RGB' extended on input line 1353.
Package xcolor Info: Model `HTML' substituted by `rgb' on input line 1355.
Package xcolor Info: Model `Hsb' substituted by `hsb' on input line 1356.
Package xcolor Info: Model `tHsb' substituted by `hsb' on input line 1357.
Package xcolor Info: Model `HSB' substituted by `hsb' on input line 1358.
Package xcolor Info: Model `Gray' substituted by `gray' on input line 1359.
Package xcolor Info: Model `wave' substituted by `hsb' on input line 1360.
)
(/usr/share/texlive/texmf-dist/tex/latex/caption/newfloat.sty
Package: newfloat 2013/05/11 v1.1-91 Defining new floating environments (AR)
)
Package newfloat Info: New float `hwtype' with options `' on input line 48.
\c@hwtype=\count119
Package newfloat Info: float type `hwtype'=4 on input line 48.
Package tocbasic Info: setting babel extension for `lohwtype' on input line 48.

\c@subhwtype=\count120

(./simpleanalyzer-man.aux)
\openout1 = `simpleanalyzer-man.aux'.

LaTeX Font Info:    Checking defaults for OML/cmm/m/it on input line 85.
LaTeX Font Info:    ... okay on input line 85.
LaTeX Font Info:    Checking defaults for T1/cmr/m/n on input line 85.
LaTeX Font Info:    ... okay on input line 85.
LaTeX Font Info:    Checking defaults for OT1/cmr/m/n on input line 85.
LaTeX Font Info:    ... okay on input line 85.
LaTeX Font Info:    Checking defaults for OMS/cmsy/m/n on input line 85.
LaTeX Font Info:    ... okay on input line 85.
LaTeX Font Info:    Checking defaults for OMX/cmex/m/n on input line 85.
LaTeX Font Info:    ... okay on input line 85.
LaTeX Font Info:    Checking defaults for U/cmr/m/n on input line 85.
LaTeX Font Info:    ... okay on input line 85.
LaTeX Font Info:    Checking defaults for PD1/pdf/m/n on input line 85.
LaTeX Font Info:    ... okay on input line 85.
LaTeX Font Info:    Try loading font information for T1+lmr on input line 85.
 (/usr/share/texmf/tex/latex/lm/t1lmr.fd
File: t1lmr.fd 2009/10/30 v1.6 Font defs for Latin Modern
)
(/usr/share/texlive/texmf-dist/tex/context/base/supp-pdf.mkii
[Loading MPS to PDF converter (version 2006.09.02).]
\scratchcounter=\count121
\scratchdimen=\dimen135
\scratchbox=\box34
\nofMPsegments=\count122
\nofMParguments=\count123
\everyMPshowfont=\toks22
\MPscratchCnt=\count124
\MPscratchDim=\dimen136
\MPnumerator=\count125
\makeMPintoPDFobject=\count126
\everyMPtoPDFconversion=\toks23
) (/usr/share/texlive/texmf-dist/tex/latex/oberdiek/epstopdf-base.sty
Package: epstopdf-base 2010/02/09 v2.5 Base part for package epstopdf

(/usr/share/texlive/texmf-dist/tex/latex/oberdiek/grfext.sty
Package: grfext 2010/08/19 v1.1 Manage graphics extensions (HO)
)
Package grfext Info: Graphics extension search list:
(grfext)             [.png,.pdf,.jpg,.mps,.jpeg,.jbig2,.jb2,.PNG,.PDF,.JPG,.JPE
G,.JBIG2,.JB2,.eps]
(grfext)             \AppendGraphicsExtensions on input line 452.

(/usr/share/texlive/texmf-dist/tex/latex/latexconfig/epstopdf-sys.cfg
File: epstopdf-sys.cfg 2010/07/13 v1.3 Configuration of (r)epstopdf for TeX Liv
e
))
Package caption Info: Begin \AtBeginDocument code.
Package caption Info: float package is loaded.
Package caption Info: floatflt package is loaded.
Package caption Info: hyperref package is loaded.
Package caption Info: listings package is loaded.
Package caption Info: End \AtBeginDocument code.
\c@lstlisting=\count127
\AtBeginShipoutBox=\box35
Package hyperref Info: Link coloring OFF on input line 85.

(/usr/share/texlive/texmf-dist/tex/latex/hyperref/nameref.sty
Package: nameref 2012/10/27 v2.43 Cross-referencing by name of section

(/usr/share/texlive/texmf-dist/tex/generic/oberdiek/gettitlestring.sty
Package: gettitlestring 2010/12/03 v1.4 Cleanup title references (HO)
)
\c@section@level=\count128
)
LaTeX Info: Redefining \ref on input line 85.
LaTeX Info: Redefining \pageref on input line 85.
LaTeX Info: Redefining \nameref on input line 85.

(./simpleanalyzer-man.out) (./simpleanalyzer-man.out)
\@outlinefile=\write3
\openout3 = `simpleanalyzer-man.out'.


<doc_icon.png, id=164, 513.92pt x 513.92pt>
File: doc_icon.png Graphic file (type png)
 <use doc_icon.png>
Package pdftex.def Info: doc_icon.png used on input line 91.
(pdftex.def)             Requested size: 263.18802pt x 263.19357pt.
Package babel Info: Redefining ngerman shorthand "|
(babel)             in language  on input line 93.
Package babel Info: Redefining ngerman shorthand "~
(babel)             in language  on input line 93.
Package babel Info: Redefining ngerman shorthand "|
(babel)             in language  on input line 93.
Package babel Info: Redefining ngerman shorthand "~
(babel)             in language  on input line 93.
 [1

{/var/lib/texmf/fonts/map/pdftex/updmap/pdftex.map} <./doc_icon.png>]
LaTeX Font Info:    Try loading font information for T1+lmss on input line 95.

(/usr/share/texmf/tex/latex/lm/t1lmss.fd
File: t1lmss.fd 2009/10/30 v1.6 Font defs for Latin Modern
) (./simpleanalyzer-man.toc
LaTeX Font Info:    Try loading font information for OT1+lmr on input line 4.

(/usr/share/texmf/tex/latex/lm/ot1lmr.fd
File: ot1lmr.fd 2009/10/30 v1.6 Font defs for Latin Modern
)
LaTeX Font Info:    Try loading font information for OML+lmm on input line 4.

(/usr/share/texmf/tex/latex/lm/omllmm.fd
File: omllmm.fd 2009/10/30 v1.6 Font defs for Latin Modern
)
LaTeX Font Info:    Try loading font information for OMS+lmsy on input line 4.

(/usr/share/texmf/tex/latex/lm/omslmsy.fd
File: omslmsy.fd 2009/10/30 v1.6 Font defs for Latin Modern
)
LaTeX Font Info:    Try loading font information for OMX+lmex on input line 4.

(/usr/share/texmf/tex/latex/lm/omxlmex.fd
File: omxlmex.fd 2009/10/30 v1.6 Font defs for Latin Modern
)
LaTeX Font Info:    External font `lmex10' loaded for size
(Font)              <10> on input line 4.
LaTeX Font Info:    External font `lmex10' loaded for size
(Font)              <7> on input line 4.
LaTeX Font Info:    External font `lmex10' loaded for size
(Font)              <5> on input line 4.
Package babel Info: Redefining ngerman shorthand "|
(babel)             in language  on input line 30.
Package babel Info: Redefining ngerman shorthand "~
(babel)             in language  on input line 30.
Package babel Info: Redefining ngerman shorthand "|
(babel)             in language  on input line 30.
Package babel Info: Redefining ngerman shorthand "~
(babel)             in language  on input line 30.
 [2])
\tf@toc=\write4
\openout4 = `simpleanalyzer-man.toc'.

Package babel Info: Redefining ngerman shorthand "|
(babel)             in language  on input line 96.
Package babel Info: Redefining ngerman shorthand "~
(babel)             in language  on input line 96.
Package babel Info: Redefining ngerman shorthand "|
(babel)             in language  on input line 96.
Package babel Info: Redefining ngerman shorthand "~
(babel)             in language  on input line 96.
 [3]
Package babel Info: Redefining ngerman shorthand "|
(babel)             in language  on input line 97.
Package babel Info: Redefining ngerman shorthand "~
(babel)             in language  on input line 97.

Overfull \hbox (1.31194pt too wide) in paragraph at lines 98--102
\T1/lmr/m/n/10 bian-ba-sier-te Be-triebs-sys-te-me. Die ent-hal-te-ne Soft-wa-r
e er-mög-
 []

Package babel Info: Redefining ngerman shorthand "|
(babel)             in language  on input line 102.
Package babel Info: Redefining ngerman shorthand "~
(babel)             in language  on input line 102.
Package babel Info: Redefining ngerman shorthand "|
(babel)             in language  on input line 102.
Package babel Info: Redefining ngerman shorthand "~
(babel)             in language  on input line 102.
[4]
Package babel Info: Redefining ngerman shorthand "|
(babel)             in language  on input line 103.
Package babel Info: Redefining ngerman shorthand "~
(babel)             in language  on input line 103.
Package babel Info: Redefining ngerman shorthand "|
(babel)             in language  on input line 104.
Package babel Info: Redefining ngerman shorthand "~
(babel)             in language  on input line 104.
Package babel Info: Redefining ngerman shorthand "|
(babel)             in language  on input line 107.
Package babel Info: Redefining ngerman shorthand "~
(babel)             in language  on input line 107.
LaTeX Font Info:    Try loading font information for T1+pcr on input line 109.
 (/usr/share/texlive/texmf-dist/tex/latex/psnfss/t1pcr.fd
File: t1pcr.fd 2001/06/04 font definitions for T1/pcr.
)
Package babel Info: Redefining ngerman shorthand "|
(babel)             in language  on input line 126.
Package babel Info: Redefining ngerman shorthand "~
(babel)             in language  on input line 126.
Package babel Info: Redefining ngerman shorthand "|
(babel)             in language  on input line 126.
Package babel Info: Redefining ngerman shorthand "~
(babel)             in language  on input line 126.
 [5]
Package babel Info: Redefining ngerman shorthand "|
(babel)             in language  on input line 126.
Package babel Info: Redefining ngerman shorthand "~
(babel)             in language  on input line 126.

Underfull \hbox (badness 10000) in paragraph at lines 132--133

 []


Overfull \hbox (6.81198pt too wide) in paragraph at lines 134--135
[][]$\T1/pcr/m/n/10 https : / / github . com / vroland / SimpleAnalyzer . git$[
] 
 []

Package babel Info: Redefining ngerman shorthand "|
(babel)             in language  on input line 135.
Package babel Info: Redefining ngerman shorthand "~
(babel)             in language  on input line 135.
Package babel Info: Redefining ngerman shorthand "|
(babel)             in language  on input line 140.
Package babel Info: Redefining ngerman shorthand "~
(babel)             in language  on input line 140.
Package babel Info: Redefining ngerman shorthand "|
(babel)             in language  on input line 140.
Package babel Info: Redefining ngerman shorthand "~
(babel)             in language  on input line 140.
[6]
Package babel Info: Redefining ngerman shorthand "|
(babel)             in language  on input line 141.
Package babel Info: Redefining ngerman shorthand "~
(babel)             in language  on input line 141.
Package babel Info: Redefining ngerman shorthand "|
(babel)             in language  on input line 155.
Package babel Info: Redefining ngerman shorthand "~
(babel)             in language  on input line 155.
Package babel Info: Redefining ngerman shorthand "|
(babel)             in language  on input line 155.
Package babel Info: Redefining ngerman shorthand "~
(babel)             in language  on input line 155.
 [7]
<sam-screens/Ubuntu_Software_Center_002.png, id=268, 734.745pt x 500.87125pt>
File: sam-screens/Ubuntu_Software_Center_002.png Graphic file (type png)

<use sam-screens/Ubuntu_Software_Center_002.png>
Package pdftex.def Info: sam-screens/Ubuntu_Software_Center_002.png used on inp
ut line 164.
(pdftex.def)             Requested size: 220.42519pt x 107.58307pt.
Package babel Info: Redefining ngerman shorthand "|
(babel)             in language  on input line 169.
Package babel Info: Redefining ngerman shorthand "~
(babel)             in language  on input line 169.

Underfull \vbox (badness 4454) has occurred while \output is active []

Package babel Info: Redefining ngerman shorthand "|
(babel)             in language  on input line 171.
Package babel Info: Redefining ngerman shorthand "~
(babel)             in language  on input line 171.
Package babel Info: Redefining ngerman shorthand "|
(babel)             in language  on input line 171.
Package babel Info: Redefining ngerman shorthand "~
(babel)             in language  on input line 171.
 [8 <./sam-screens/Ubuntu_Software_Center_002.png>]
Package babel Info: Redefining ngerman shorthand "|
(babel)             in language  on input line 186.
Package babel Info: Redefining ngerman shorthand "~
(babel)             in language  on input line 186.
Package babel Info: Redefining ngerman shorthand "|
(babel)             in language  on input line 186.
Package babel Info: Redefining ngerman shorthand "~
(babel)             in language  on input line 186.
 [9]
Package babel Info: Redefining ngerman shorthand "|
(babel)             in language  on input line 203.
Package babel Info: Redefining ngerman shorthand "~
(babel)             in language  on input line 203.
Package babel Info: Redefining ngerman shorthand "|
(babel)             in language  on input line 203.
Package babel Info: Redefining ngerman shorthand "~
(babel)             in language  on input line 203.
 [10]
Package babel Info: Redefining ngerman shorthand "|
(babel)             in language  on input line 204.
Package babel Info: Redefining ngerman shorthand "~
(babel)             in language  on input line 204.
Package babel Info: Redefining ngerman shorthand "|
(babel)             in language  on input line 210.
Package babel Info: Redefining ngerman shorthand "~
(babel)             in language  on input line 210.
Package babel Info: Redefining ngerman shorthand "|
(babel)             in language  on input line 217.
Package babel Info: Redefining ngerman shorthand "~
(babel)             in language  on input line 217.
Package babel Info: Redefining ngerman shorthand "|
(babel)             in language  on input line 225.
Package babel Info: Redefining ngerman shorthand "~
(babel)             in language  on input line 225.
Package babel Info: Redefining ngerman shorthand "|
(babel)             in language  on input line 225.
Package babel Info: Redefining ngerman shorthand "~
(babel)             in language  on input line 225.
 [11]
Package babel Info: Redefining ngerman shorthand "|
(babel)             in language  on input line 226.
Package babel Info: Redefining ngerman shorthand "~
(babel)             in language  on input line 226.

Underfull \hbox (badness 10000) in paragraph at lines 227--228

 []


Underfull \hbox (badness 10000) in paragraph at lines 232--233
[]|\T1/lmr/m/n/10 Wandelt Sens-or-da-ten von
 []


Underfull \hbox (badness 4846) in paragraph at lines 232--233
\T1/lmr/m/n/10 Dateien zu ti-med sen-sor da-ta
 []


Underfull \hbox (badness 10000) in paragraph at lines 234--235
[]|\T1/lmr/m/n/10 Wandelt Mess-wert-da-tei-en des
 []


Underfull \hbox (badness 10000) in paragraph at lines 238--239
[]|\T1/lmr/m/n/10 Berechnet mit-hil-fe ei-nes 3D-
 []


Underfull \hbox (badness 2181) in paragraph at lines 238--239
\T1/lmr/m/n/10 ra-tur-ver-tei-lung, vi-sua-li-siert die-se
 []

Package babel Info: Redefining ngerman shorthand "|
(babel)             in language  on input line 243.
Package babel Info: Redefining ngerman shorthand "~
(babel)             in language  on input line 243.
Package babel Info: Redefining ngerman shorthand "|
(babel)             in language  on input line 243.
Package babel Info: Redefining ngerman shorthand "~
(babel)             in language  on input line 243.
[12]
Package babel Info: Redefining ngerman shorthand "|
(babel)             in language  on input line 246.
Package babel Info: Redefining ngerman shorthand "~
(babel)             in language  on input line 246.

Overfull \hbox (0.50067pt too wide) in paragraph at lines 248--249
\T1/lmr/m/it/10 ple-ana-ly-zer-gui \T1/lmr/m/n/10 ge-nutz-te .tsd-Format (ti-me
d sen-sor da-ta) um-
 []


Underfull \hbox (badness 10000) in paragraph at lines 252--253

 []


Underfull \hbox (badness 10000) in paragraph at lines 257--258
[]|\T1/lmr/bx/n/10 [benötigt] \T1/lmr/m/n/10 Pfad zur
 []

Package babel Info: Redefining ngerman shorthand "|
(babel)             in language  on input line 269.
Package babel Info: Redefining ngerman shorthand "~
(babel)             in language  on input line 269.
Package babel Info: Redefining ngerman shorthand "|
(babel)             in language  on input line 269.
Package babel Info: Redefining ngerman shorthand "~
(babel)             in language  on input line 269.
[13]
Package babel Info: Redefining ngerman shorthand "|
(babel)             in language  on input line 275.
Package babel Info: Redefining ngerman shorthand "~
(babel)             in language  on input line 275.
LaTeX Font Info:    Try loading font information for OMS+lmr on input line 278.

 (/usr/share/texmf/tex/latex/lm/omslmr.fd
File: omslmr.fd 2009/10/30 v1.6 Font defs for Latin Modern
)
LaTeX Font Info:    Font shape `OMS/lmr/m/n' in size <10> not available
(Font)              Font shape `OMS/lmsy/m/n' tried instead on input line 278.
Package babel Info: Redefining ngerman shorthand "|
(babel)             in language  on input line 285.
Package babel Info: Redefining ngerman shorthand "~
(babel)             in language  on input line 285.
Package babel Info: Redefining ngerman shorthand "|
(babel)             in language  on input line 285.
Package babel Info: Redefining ngerman shorthand "~
(babel)             in language  on input line 285.
 [14]
Package babel Info: Redefining ngerman shorthand "|
(babel)             in language  on input line 289.
Package babel Info: Redefining ngerman shorthand "~
(babel)             in language  on input line 289.

Underfull \hbox (badness 10000) in paragraph at lines 291--292

 []


Overfull \hbox (0.86824pt too wide) in paragraph at lines 300--302
\T1/lmr/m/n/10 kar-te-si-schen Ko-or-di-na-ten, je-weils durch Leer-zei-chen ge
-trennt.
 []

Package babel Info: Redefining ngerman shorthand "|
(babel)             in language  on input line 302.
Package babel Info: Redefining ngerman shorthand "~
(babel)             in language  on input line 302.
Package babel Info: Redefining ngerman shorthand "|
(babel)             in language  on input line 302.
Package babel Info: Redefining ngerman shorthand "~
(babel)             in language  on input line 302.
[15]
Package babel Info: Redefining ngerman shorthand "|
(babel)             in language  on input line 306.
Package babel Info: Redefining ngerman shorthand "~
(babel)             in language  on input line 306.

Underfull \hbox (badness 10000) in paragraph at lines 312--313

 []

\c@rownum=\count129

Underfull \hbox (badness 10000) in paragraph at lines 316--317

 []

Package babel Info: Redefining ngerman shorthand "|
(babel)             in language  on input line 329.
Package babel Info: Redefining ngerman shorthand "~
(babel)             in language  on input line 329.
Package babel Info: Redefining ngerman shorthand "|
(babel)             in language  on input line 329.
Package babel Info: Redefining ngerman shorthand "~
(babel)             in language  on input line 329.
[16]
Package babel Info: Redefining ngerman shorthand "|
(babel)             in language  on input line 330.
Package babel Info: Redefining ngerman shorthand "~
(babel)             in language  on input line 330.

Overfull \hbox (3.95682pt too wide) in paragraph at lines 332--335
\T1/lmr/m/it/10 analyzer-gui \T1/lmr/m/n/10 ge-nutz-te .tsd-Format (ti-med sen-
sor data-Format)
 []


Underfull \hbox (badness 10000) in paragraph at lines 338--339

 []


Underfull \hbox (badness 10000) in paragraph at lines 343--344
[]|\T1/lmr/bx/n/10 [benötigt] \T1/lmr/m/n/10 Pfad zur
 []


Underfull \hbox (badness 1983) in paragraph at lines 347--348
[]|\T1/lmr/m/n/10 [optional] nur je-den n-ten Mess-
 []


Underfull \hbox (badness 10000) in paragraph at lines 340--353

 []

Package babel Info: Redefining ngerman shorthand "|
(babel)             in language  on input line 355.
Package babel Info: Redefining ngerman shorthand "~
(babel)             in language  on input line 355.
Package babel Info: Redefining ngerman shorthand "|
(babel)             in language  on input line 355.
Package babel Info: Redefining ngerman shorthand "~
(babel)             in language  on input line 355.
[17]
Package babel Info: Redefining ngerman shorthand "|
(babel)             in language  on input line 366.
Package babel Info: Redefining ngerman shorthand "~
(babel)             in language  on input line 366.
Package babel Info: Redefining ngerman shorthand "|
(babel)             in language  on input line 366.
Package babel Info: Redefining ngerman shorthand "~
(babel)             in language  on input line 366.
 [18]
Package babel Info: Redefining ngerman shorthand "|
(babel)             in language  on input line 367.
Package babel Info: Redefining ngerman shorthand "~
(babel)             in language  on input line 367.
Package babel Info: Redefining ngerman shorthand "|
(babel)             in language  on input line 380.
Package babel Info: Redefining ngerman shorthand "~
(babel)             in language  on input line 380.
Package babel Info: Redefining ngerman shorthand "|
(babel)             in language  on input line 380.
Package babel Info: Redefining ngerman shorthand "~
(babel)             in language  on input line 380.
 [19]
Package babel Info: Redefining ngerman shorthand "|
(babel)             in language  on input line 382.
Package babel Info: Redefining ngerman shorthand "~
(babel)             in language  on input line 382.
Package babel Info: Redefining ngerman shorthand "|
(babel)             in language  on input line 387.
Package babel Info: Redefining ngerman shorthand "~
(babel)             in language  on input line 387.

Underfull \hbox (badness 10000) in paragraph at lines 389--390

 []

Package babel Info: Redefining ngerman shorthand "|
(babel)             in language  on input line 393.
Package babel Info: Redefining ngerman shorthand "~
(babel)             in language  on input line 393.
Package babel Info: Redefining ngerman shorthand "|
(babel)             in language  on input line 393.
Package babel Info: Redefining ngerman shorthand "~
(babel)             in language  on input line 393.
[20]
Package babel Info: Redefining ngerman shorthand "|
(babel)             in language  on input line 404.
Package babel Info: Redefining ngerman shorthand "~
(babel)             in language  on input line 404.

Underfull \vbox (badness 1448) has occurred while \output is active []

Package babel Info: Redefining ngerman shorthand "|
(babel)             in language  on input line 407.
Package babel Info: Redefining ngerman shorthand "~
(babel)             in language  on input line 407.
Package babel Info: Redefining ngerman shorthand "|
(babel)             in language  on input line 407.
Package babel Info: Redefining ngerman shorthand "~
(babel)             in language  on input line 407.
 [21]
Underfull \hbox (badness 10000) in paragraph at lines 410--411

 []


Underfull \hbox (badness 10000) in paragraph at lines 413--414

 []


Underfull \vbox (badness 1688) has occurred while \output is active []

Package babel Info: Redefining ngerman shorthand "|
(babel)             in language  on input line 426.
Package babel Info: Redefining ngerman shorthand "~
(babel)             in language  on input line 426.
Package babel Info: Redefining ngerman shorthand "|
(babel)             in language  on input line 426.
Package babel Info: Redefining ngerman shorthand "~
(babel)             in language  on input line 426.
 [22]
Package babel Info: Redefining ngerman shorthand "|
(babel)             in language  on input line 430.
Package babel Info: Redefining ngerman shorthand "~
(babel)             in language  on input line 430.
Package babel Info: Redefining ngerman shorthand "|
(babel)             in language  on input line 430.
Package babel Info: Redefining ngerman shorthand "~
(babel)             in language  on input line 430.

[23]
Package babel Info: Redefining ngerman shorthand "|
(babel)             in language  on input line 431.
Package babel Info: Redefining ngerman shorthand "~
(babel)             in language  on input line 431.

Underfull \hbox (badness 10000) in paragraph at lines 438--439

 []


Underfull \hbox (badness 10000) in paragraph at lines 444--444
[]|\T1/lmr/m/n/10 -max-
 []


Underfull \hbox (badness 1796) in paragraph at lines 444--445
[]|\T1/lmr/m/n/10 [optional] Ma-xi-ma-le Zeit-dif-fe-renz zwi-
 []


Underfull \hbox (badness 10000) in paragraph at lines 445--445
[]|\T1/lmr/m/n/10 -auto-
 []


Underfull \hbox (badness 10000) in paragraph at lines 440--450

 []

Package babel Info: Redefining ngerman shorthand "|
(babel)             in language  on input line 450.
Package babel Info: Redefining ngerman shorthand "~
(babel)             in language  on input line 450.
Package babel Info: Redefining ngerman shorthand "|
(babel)             in language  on input line 450.
Package babel Info: Redefining ngerman shorthand "~
(babel)             in language  on input line 450.
[24]
Package babel Info: Redefining ngerman shorthand "|
(babel)             in language  on input line 451.
Package babel Info: Redefining ngerman shorthand "~
(babel)             in language  on input line 451.

Underfull \hbox (badness 7576) in paragraph at lines 455--457
\T1/lmr/m/n/10 Informationen zum Auf-bau die-ser Da-tei-en fin-
 []

Package babel Info: Redefining ngerman shorthand "|
(babel)             in language  on input line 462.
Package babel Info: Redefining ngerman shorthand "~
(babel)             in language  on input line 462.

Underfull \hbox (badness 1147) in paragraph at lines 465--467
\T1/lmr/m/n/10 am Bei-spiel der frei-en Soft-wa-re \T1/lmr/m/it/10 Blen-der \T1
/lmr/m/n/10 ge-zeigt. Die-se
 []

Package babel Info: Redefining ngerman shorthand "|
(babel)             in language  on input line 468.
Package babel Info: Redefining ngerman shorthand "~
(babel)             in language  on input line 468.
Package babel Info: Redefining ngerman shorthand "|
(babel)             in language  on input line 468.
Package babel Info: Redefining ngerman shorthand "~
(babel)             in language  on input line 468.
[25]
Underfull \hbox (badness 10000) in paragraph at lines 468--470
\T1/pcr/m/n/10 org / index . php / Doc : 2 . 6 / Manual$[]\T1/lmr/m/n/10 . In d
ie-sem
 []


Underfull \hbox (badness 10000) in paragraph at lines 468--470

 []

<sam-screens/Blender_006.png, id=424, 1548.78625pt x 879.285pt>
File: sam-screens/Blender_006.png Graphic file (type png)

<use sam-screens/Blender_006.png>
Package pdftex.def Info: sam-screens/Blender_006.png used on input line 479.
(pdftex.def)             Requested size: 263.29018pt x 149.47647pt.
LaTeX Font Info:    Font shape `T1/lmss/m/it' in size <10> not available
(Font)              Font shape `T1/lmss/m/sl' tried instead on input line 480.
Package babel Info: Redefining ngerman shorthand "|
(babel)             in language  on input line 485.
Package babel Info: Redefining ngerman shorthand "~
(babel)             in language  on input line 485.
Package babel Info: Redefining ngerman shorthand "|
(babel)             in language  on input line 485.
Package babel Info: Redefining ngerman shorthand "~
(babel)             in language  on input line 485.
 [26]
Package babel Info: Redefining ngerman shorthand "|
(babel)             in language  on input line 492.
Package babel Info: Redefining ngerman shorthand "~
(babel)             in language  on input line 492.
Package babel Info: Redefining ngerman shorthand "|
(babel)             in language  on input line 492.
Package babel Info: Redefining ngerman shorthand "~
(babel)             in language  on input line 492.
 [27 <./sam-screens/Blender_006.png>]
<sam-screens/blender_house_subdiv.png, id=441, 160.6pt x 527.9725pt>
File: sam-screens/blender_house_subdiv.png Graphic file (type png)

<use sam-screens/blender_house_subdiv.png>
Package pdftex.def Info: sam-screens/blender_house_subdiv.png used on input lin
e 498.
(pdftex.def)             Requested size: 65.797pt x 216.30899pt.

<sam-screens/Blender_house_select.png, id=442, 545.03625pt x 279.0425pt>
File: sam-screens/Blender_house_select.png Graphic file (type png)

<use sam-screens/Blender_house_select.png>
Package pdftex.def Info: sam-screens/Blender_house_select.png used on input lin
e 505.
(pdftex.def)             Requested size: 131.59401pt x 67.3718pt.

<sam-screens/blender_house.png, id=443, 605.26125pt x 605.26125pt>
File: sam-screens/blender_house.png Graphic file (type png)

<use sam-screens/blender_house.png>
Package pdftex.def Info: sam-screens/blender_house.png used on input line 511.
(pdftex.def)             Requested size: 131.59401pt x 131.58783pt.

Overfull \hbox (2.22221pt too wide) in paragraph at lines 495--515
[]$[]$ $[]$ 
 []


Overfull \hbox (2.47798pt too wide) in paragraph at lines 518--519
\T1/lmr/m/n/10 Wie aus dem Stan-dard-wür-fel bei-spiels-wei-se ein ein-fa-ches 
Haus
 []

Package babel Info: Redefining ngerman shorthand "|
(babel)             in language  on input line 529.
Package babel Info: Redefining ngerman shorthand "~
(babel)             in language  on input line 529.
Package babel Info: Redefining ngerman shorthand "|
(babel)             in language  on input line 529.
Package babel Info: Redefining ngerman shorthand "~
(babel)             in language  on input line 529.
[28]
Package babel Info: Redefining ngerman shorthand "|
(babel)             in language  on input line 529.
Package babel Info: Redefining ngerman shorthand "~
(babel)             in language  on input line 529.
Package babel Info: Redefining ngerman shorthand "|
(babel)             in language  on input line 529.
Package babel Info: Redefining ngerman shorthand "~
(babel)             in language  on input line 529.
 [29 <./sam-screens/blender_house_subdiv.png> <./sam-screens/Blender_house_sele
ct.png> <./sam-screens/blender_house.png>]
<sam-screens/blender_newmat.png, id=455, 630.355pt x 513.92pt>
File: sam-screens/blender_newmat.png Graphic file (type png)

<use sam-screens/blender_newmat.png>
Package pdftex.def Info: sam-screens/blender_newmat.png used on input line 536.

(pdftex.def)             Requested size: 252.13753pt x 205.56435pt.

<sam-screens/blender_mat_col.png, id=457, 444.66125pt x 434.62375pt>
File: sam-screens/blender_mat_col.png Graphic file (type png)

<use sam-screens/blender_mat_col.png>
Package pdftex.def Info: sam-screens/blender_mat_col.png used on input line 542
.
(pdftex.def)             Requested size: 151.18282pt x 147.77011pt.
Package babel Info: Redefining ngerman shorthand "|
(babel)             in language  on input line 550.
Package babel Info: Redefining ngerman shorthand "~
(babel)             in language  on input line 550.
Package babel Info: Redefining ngerman shorthand "|
(babel)             in language  on input line 550.
Package babel Info: Redefining ngerman shorthand "~
(babel)             in language  on input line 550.
 [30 <./sam-screens/blender_newmat.png>]
Package babel Info: Redefining ngerman shorthand "|
(babel)             in language  on input line 555.
Package babel Info: Redefining ngerman shorthand "~
(babel)             in language  on input line 555.
Package babel Info: Redefining ngerman shorthand "|
(babel)             in language  on input line 555.
Package babel Info: Redefining ngerman shorthand "~
(babel)             in language  on input line 555.

[31 <./sam-screens/blender_mat_col.png>]
<sam-screens/blender_export_dlog.png, id=476, 780.9175pt x 490.83376pt>
File: sam-screens/blender_export_dlog.png Graphic file (type png)

<use sam-screens/blender_export_dlog.png>
Package pdftex.def Info: sam-screens/blender_export_dlog.png used on input line
 560.
(pdftex.def)             Requested size: 257.70357pt x 161.97563pt.

Overfull \hbox (3.48029pt too wide) in paragraph at lines 567--568
[]\T1/lmr/m/n/10 Navigieren Sie zu \T1/lmr/bx/n/10 Da-tei - Ex-port - Wa-ve-fro
nt (.obj)\T1/lmr/m/n/10 . 
 []


Overfull \hbox (1.95021pt too wide) in paragraph at lines 568--569
[]\T1/lmr/m/n/10 Wählen Sie im in Ab-bil-dung []6[] ab-ge-bil-de-ten Dia-log ei
nen
 []

Package babel Info: Redefining ngerman shorthand "|
(babel)             in language  on input line 571.
Package babel Info: Redefining ngerman shorthand "~
(babel)             in language  on input line 571.
Package babel Info: Redefining ngerman shorthand "|
(babel)             in language  on input line 571.
Package babel Info: Redefining ngerman shorthand "~
(babel)             in language  on input line 571.
[32 <./sam-screens/blender_export_dlog.png>]
Package babel Info: Redefining ngerman shorthand "|
(babel)             in language  on input line 572.
Package babel Info: Redefining ngerman shorthand "~
(babel)             in language  on input line 572.
Package babel Info: Redefining ngerman shorthand "|
(babel)             in language  on input line 583.
Package babel Info: Redefining ngerman shorthand "~
(babel)             in language  on input line 583.

<sam-screens/Simple_Analyzer_toolbar.png, id=486, 496.85625pt x 46.1725pt>
File: sam-screens/Simple_Analyzer_toolbar.png Graphic file (type png)

<use sam-screens/Simple_Analyzer_toolbar.png>
Package pdftex.def Info: sam-screens/Simple_Analyzer_toolbar.png used on input 
line 587.
(pdftex.def)             Requested size: 248.4275pt x 23.08618pt.
Package babel Info: Redefining ngerman shorthand "|
(babel)             in language  on input line 595.
Package babel Info: Redefining ngerman shorthand "~
(babel)             in language  on input line 595.
Package babel Info: Redefining ngerman shorthand "|
(babel)             in language  on input line 595.
Package babel Info: Redefining ngerman shorthand "~
(babel)             in language  on input line 595.
 [33 <./sam-screens/Simple_Analyzer_toolbar.png>]
Underfull \hbox (badness 1194) in paragraph at lines 602--604
\T1/lmr/m/n/10 Klicken Sie auf das in Ab-bil-dung []7[] mit \T1/lmr/bx/n/10 3 \
T1/lmr/m/n/10 mar-
 []


Underfull \hbox (badness 10000) in paragraph at lines 606--607

 []

Package babel Info: Redefining ngerman shorthand "|
(babel)             in language  on input line 607.
Package babel Info: Redefining ngerman shorthand "~
(babel)             in language  on input line 607.
Package babel Info: Redefining ngerman shorthand "|
(babel)             in language  on input line 607.
Package babel Info: Redefining ngerman shorthand "~
(babel)             in language  on input line 607.
[34]
Package babel Info: Redefining ngerman shorthand "|
(babel)             in language  on input line 617.
Package babel Info: Redefining ngerman shorthand "~
(babel)             in language  on input line 617.
 <sam-screens/Simple_Analyzer_objprops.png, id=509, 1204.5pt x 724.7075pt>
File: sam-screens/Simple_Analyzer_objprops.png Graphic file (type png)

<use sam-screens/Simple_Analyzer_objprops.png>
Package pdftex.def Info: sam-screens/Simple_Analyzer_objprops.png used on input
 line 621.
(pdftex.def)             Requested size: 240.89574pt x 144.93893pt.
Package babel Info: Redefining ngerman shorthand "|
(babel)             in language  on input line 626.
Package babel Info: Redefining ngerman shorthand "~
(babel)             in language  on input line 626.
Package babel Info: Redefining ngerman shorthand "|
(babel)             in language  on input line 626.
Package babel Info: Redefining ngerman shorthand "~
(babel)             in language  on input line 626.
 [35]
Overfull \hbox (4.8893pt too wide) in paragraph at lines 630--631
[]\T1/lmr/bx/n/10 Maximales Te-tra-eder-vo-lu-men: \T1/lmr/m/n/10 Ma-xi-ma-les 
Vo-lu-men,
 []

<sam-screens/Simple_Analyzer_timeline.png, id=517, 281.05pt x 158.5925pt>
File: sam-screens/Simple_Analyzer_timeline.png Graphic file (type png)

<use sam-screens/Simple_Analyzer_timeline.png>
Package pdftex.def Info: sam-screens/Simple_Analyzer_timeline.png used on input
 line 635.
(pdftex.def)             Requested size: 151.76472pt x 85.63866pt.
Package babel Info: Redefining ngerman shorthand "|
(babel)             in language  on input line 643.
Package babel Info: Redefining ngerman shorthand "~
(babel)             in language  on input line 643.
Package babel Info: Redefining ngerman shorthand "|
(babel)             in language  on input line 643.
Package babel Info: Redefining ngerman shorthand "~
(babel)             in language  on input line 643.
 [36 <./sam-screens/Simple_Analyzer_objprops.png>]
Package babel Info: Redefining ngerman shorthand "|
(babel)             in language  on input line 646.
Package babel Info: Redefining ngerman shorthand "~
(babel)             in language  on input line 646.
Package babel Info: Redefining ngerman shorthand "|
(babel)             in language  on input line 646.
Package babel Info: Redefining ngerman shorthand "~
(babel)             in language  on input line 646.
 [37 <./sam-screens/Simple_Analyzer_timeline.png>]
Underfull \vbox (badness 5260) detected at line 658
 []


Underfull \vbox (badness 7012) has occurred while \output is active []

Package babel Info: Redefining ngerman shorthand "|
(babel)             in language  on input line 658.
Package babel Info: Redefining ngerman shorthand "~
(babel)             in language  on input line 658.
Package babel Info: Redefining ngerman shorthand "|
(babel)             in language  on input line 658.
Package babel Info: Redefining ngerman shorthand "~
(babel)             in language  on input line 658.
 [38]
Package babel Info: Redefining ngerman shorthand "|
(babel)             in language  on input line 659.
Package babel Info: Redefining ngerman shorthand "~
(babel)             in language  on input line 659.

<sam-screens/Simple_Analyzer_viewprops.png, id=538, 1204.5pt x 724.7075pt>
File: sam-screens/Simple_Analyzer_viewprops.png Graphic file (type png)

<use sam-screens/Simple_Analyzer_viewprops.png>
Package pdftex.def Info: sam-screens/Simple_Analyzer_viewprops.png used on inpu
t line 663.
(pdftex.def)             Requested size: 240.89574pt x 144.93893pt.

Underfull \hbox (badness 10000) in paragraph at lines 667--668

 []


Underfull \hbox (badness 10000) in paragraph at lines 669--674

 []

Package babel Info: Redefining ngerman shorthand "|
(babel)             in language  on input line 675.
Package babel Info: Redefining ngerman shorthand "~
(babel)             in language  on input line 675.
Package babel Info: Redefining ngerman shorthand "|
(babel)             in language  on input line 675.
Package babel Info: Redefining ngerman shorthand "~
(babel)             in language  on input line 675.
[39 <./sam-screens/Simple_Analyzer_viewprops.png>]
Overfull \hbox (1.87495pt too wide) in paragraph at lines 678--679
[]\T1/lmr/bx/n/10 herein/heraus zoo-men: \T1/lmr/m/n/10 Scrol-len Sie mit dem \
T1/lmr/bx/n/10 [Maus-
 []


Overfull \hbox (4.83667pt too wide) in paragraph at lines 679--680
[]\T1/lmr/bx/n/10 Ansicht ver-schie-ben: \T1/lmr/m/n/10 Hal-ten Sie die \T1/lmr
/bx/n/10 [mitt-le-re Maus-
 []

Package babel Info: Redefining ngerman shorthand "|
(babel)             in language  on input line 691.
Package babel Info: Redefining ngerman shorthand "~
(babel)             in language  on input line 691.
Package babel Info: Redefining ngerman shorthand "|
(babel)             in language  on input line 691.
Package babel Info: Redefining ngerman shorthand "~
(babel)             in language  on input line 691.
[40]
Overfull \hbox (3.11041pt too wide) in paragraph at lines 692--693
[]\T1/lmr/bx/n/10 Farbbereich: \T1/lmr/m/n/10 Die Tem-pe-ra-tur im lin-ken Feld
 ent-spricht
 []

Package babel Info: Redefining ngerman shorthand "|
(babel)             in language  on input line 695.
Package babel Info: Redefining ngerman shorthand "~
(babel)             in language  on input line 695.
Package babel Info: Redefining ngerman shorthand "|
(babel)             in language  on input line 695.
Package babel Info: Redefining ngerman shorthand "~
(babel)             in language  on input line 695.
[41]
Package babel Info: Redefining ngerman shorthand "|
(babel)             in language  on input line 696.
Package babel Info: Redefining ngerman shorthand "~
(babel)             in language  on input line 696.
Package babel Info: Redefining ngerman shorthand "|
(babel)             in language  on input line 699.
Package babel Info: Redefining ngerman shorthand "~
(babel)             in language  on input line 699.
 <sam-screens/SA_overview.png, id=557, 856.19875pt x 323.2075pt>
File: sam-screens/SA_overview.png Graphic file (type png)

<use sam-screens/SA_overview.png>
Package pdftex.def Info: sam-screens/SA_overview.png used on input line 703.
(pdftex.def)             Requested size: 256.8616pt x 96.963pt.

Underfull \vbox (badness 5563) detected at line 711
 []


Underfull \vbox (badness 5036) has occurred while \output is active []

Package babel Info: Redefining ngerman shorthand "|
(babel)             in language  on input line 711.
Package babel Info: Redefining ngerman shorthand "~
(babel)             in language  on input line 711.
Package babel Info: Redefining ngerman shorthand "|
(babel)             in language  on input line 711.
Package babel Info: Redefining ngerman shorthand "~
(babel)             in language  on input line 711.
 [42 <./sam-screens/SA_overview.png>]
Package babel Info: Redefining ngerman shorthand "|
(babel)             in language  on input line 718.
Package babel Info: Redefining ngerman shorthand "~
(babel)             in language  on input line 718.

<sam-screens/SA_analyze_point.png, id=568, 1204.5pt x 724.7075pt>
File: sam-screens/SA_analyze_point.png Graphic file (type png)

<use sam-screens/SA_analyze_point.png>
Package pdftex.def Info: sam-screens/SA_analyze_point.png used on input line 72
2.
(pdftex.def)             Requested size: 240.89574pt x 144.93893pt.
Package babel Info: Redefining ngerman shorthand "|
(babel)             in language  on input line 727.
Package babel Info: Redefining ngerman shorthand "~
(babel)             in language  on input line 727.
Package babel Info: Redefining ngerman shorthand "|
(babel)             in language  on input line 727.
Package babel Info: Redefining ngerman shorthand "~
(babel)             in language  on input line 727.
 [43]
Package babel Info: Redefining ngerman shorthand "|
(babel)             in language  on input line 730.
Package babel Info: Redefining ngerman shorthand "~
(babel)             in language  on input line 730.

<sam-screens/SA_render_cut.png, id=578, 803.0pt x 624.3325pt>
File: sam-screens/SA_render_cut.png Graphic file (type png)

<use sam-screens/SA_render_cut.png>
Package pdftex.def Info: sam-screens/SA_render_cut.png used on input line 735.
(pdftex.def)             Requested size: 240.90186pt x 187.3012pt.

<sam-screens/render_cut_vis.png, id=582, 604.2575pt x 632.3625pt>
File: sam-screens/render_cut_vis.png Graphic file (type png)

<use sam-screens/render_cut_vis.png>
Package pdftex.def Info: sam-screens/render_cut_vis.png used on input line 743.

(pdftex.def)             Requested size: 181.27864pt x 189.7102pt.
Package babel Info: Redefining ngerman shorthand "|
(babel)             in language  on input line 748.
Package babel Info: Redefining ngerman shorthand "~
(babel)             in language  on input line 748.
Package babel Info: Redefining ngerman shorthand "|
(babel)             in language  on input line 748.
Package babel Info: Redefining ngerman shorthand "~
(babel)             in language  on input line 748.
 [44 <./sam-screens/SA_analyze_point.png>]
Package babel Info: Redefining ngerman shorthand "|
(babel)             in language  on input line 748.
Package babel Info: Redefining ngerman shorthand "~
(babel)             in language  on input line 748.
Package babel Info: Redefining ngerman shorthand "|
(babel)             in language  on input line 748.
Package babel Info: Redefining ngerman shorthand "~
(babel)             in language  on input line 748.

[45 <./sam-screens/SA_render_cut.png>]
Overfull \hbox (2.68935pt too wide) in paragraph at lines 749--750
[]\T1/lmr/bx/n/10 Dreiecksebene: \T1/lmr/m/n/10 Le-gen Sie hier die Eck-punk-te
 des Drei-
 []


Underfull \vbox (badness 1484) has occurred while \output is active []

Package babel Info: Redefining ngerman shorthand "|
(babel)             in language  on input line 751.
Package babel Info: Redefining ngerman shorthand "~
(babel)             in language  on input line 751.
Package babel Info: Redefining ngerman shorthand "|
(babel)             in language  on input line 751.
Package babel Info: Redefining ngerman shorthand "~
(babel)             in language  on input line 751.
 [46 <./sam-screens/render_cut_vis.png>]
Overfull \hbox (3.5411pt too wide) in paragraph at lines 753--754
[]\T1/lmr/bx/n/10 Maÿstab (mm/px): \T1/lmr/m/n/10 Der Maÿ-stab der Gra-fik zum
 []


Overfull \hbox (3.31606pt too wide) in paragraph at lines 758--759
[]\T1/lmr/bx/n/10 Modus/$\OT1/lmr/m/n/10 ^^A\OML/lmm/m/it/10 T$\T1/lmr/m/n/10 :
 Aus-rich-tungs-mo-dus der Tem-pe-ra-tur-
 []


Overfull \hbox (1.72092pt too wide) in paragraph at lines 759--760
[]\T1/lmr/bx/n/10 Schriftgröÿe/Farbe\T1/lmr/m/n/10 : Schrift-grö-ÿe und Schrift
-far-
 []


Overfull \hbox (1.0836pt too wide) in paragraph at lines 763--764
[]\T1/lmr/bx/n/10 CPU-Threads: \T1/lmr/m/n/10 Ge-ben Sie hier die An-zahl der T
hreads
 []


Overfull \hbox (0.86847pt too wide) in paragraph at lines 763--764
\T1/lmr/m/n/10 die kleins-te Re-chen-dau-er zu er-rei-chen, soll-te die-ser Wer
t
 []

Package babel Info: Redefining ngerman shorthand "|
(babel)             in language  on input line 767.
Package babel Info: Redefining ngerman shorthand "~
(babel)             in language  on input line 767.
Package babel Info: Redefining ngerman shorthand "|
(babel)             in language  on input line 767.
Package babel Info: Redefining ngerman shorthand "~
(babel)             in language  on input line 767.
[47]
Package babel Info: Redefining ngerman shorthand "|
(babel)             in language  on input line 774.
Package babel Info: Redefining ngerman shorthand "~
(babel)             in language  on input line 774.
Package babel Info: Redefining ngerman shorthand "|
(babel)             in language  on input line 774.
Package babel Info: Redefining ngerman shorthand "~
(babel)             in language  on input line 774.
 [48]
Package babel Info: Redefining ngerman shorthand "|
(babel)             in language  on input line 775.
Package babel Info: Redefining ngerman shorthand "~
(babel)             in language  on input line 775.
Package babel Info: Redefining ngerman shorthand "|
(babel)             in language  on input line 778.
Package babel Info: Redefining ngerman shorthand "~
(babel)             in language  on input line 778.
 <sam-screens/SA_export_view.png, id=613, 602.25pt x 552.0625pt>
File: sam-screens/SA_export_view.png Graphic file (type png)

<use sam-screens/SA_export_view.png>
Package pdftex.def Info: sam-screens/SA_export_view.png used on input line 781.

(pdftex.def)             Requested size: 180.67639pt x 165.62003pt.
Package babel Info: Redefining ngerman shorthand "|
(babel)             in language  on input line 785.
Package babel Info: Redefining ngerman shorthand "~
(babel)             in language  on input line 785.

<sam-screens/vtk_paraview.png, id=615, 861.2175pt x 739.76375pt>
File: sam-screens/vtk_paraview.png Graphic file (type png)

<use sam-screens/vtk_paraview.png>
Package pdftex.def Info: sam-screens/vtk_paraview.png used on input line 789.
(pdftex.def)             Requested size: 258.36723pt x 221.93083pt.

Underfull \vbox (badness 1902) has occurred while \output is active []

Package babel Info: Redefining ngerman shorthand "|
(babel)             in language  on input line 791.
Package babel Info: Redefining ngerman shorthand "~
(babel)             in language  on input line 791.
Package babel Info: Redefining ngerman shorthand "|
(babel)             in language  on input line 791.
Package babel Info: Redefining ngerman shorthand "~
(babel)             in language  on input line 791.
 [49 <./sam-screens/SA_export_view.png>]
Package babel Info: Redefining ngerman shorthand "|
(babel)             in language  on input line 793.
Package babel Info: Redefining ngerman shorthand "~
(babel)             in language  on input line 793.
Package babel Info: Redefining ngerman shorthand "|
(babel)             in language  on input line 793.
Package babel Info: Redefining ngerman shorthand "~
(babel)             in language  on input line 793.
 [50 <./sam-screens/vtk_paraview.png>]
Package babel Info: Redefining ngerman shorthand "|
(babel)             in language  on input line 794.
Package babel Info: Redefining ngerman shorthand "~
(babel)             in language  on input line 794.
Package babel Info: Redefining ngerman shorthand "|
(babel)             in language  on input line 823.
Package babel Info: Redefining ngerman shorthand "~
(babel)             in language  on input line 823.
Package babel Info: Redefining ngerman shorthand "|
(babel)             in language  on input line 823.
Package babel Info: Redefining ngerman shorthand "~
(babel)             in language  on input line 823.
 [51]
Overfull \hbox (0.84029pt too wide) in paragraph at lines 836--837
[]\T1/lmr/m/n/10 Erstellen Sie das 3D-Modell. Da-für kön-nen Sie bei-spiels-
 []


Overfull \hbox (1.06203pt too wide) in paragraph at lines 842--843
[]\T1/lmr/m/n/10 die Tem-pe-ra-tur-ver-tei-lung oder die An-zei-ge des 3D-
 []

Package babel Info: Redefining ngerman shorthand "|
(babel)             in language  on input line 847.
Package babel Info: Redefining ngerman shorthand "~
(babel)             in language  on input line 847.
Package babel Info: Redefining ngerman shorthand "|
(babel)             in language  on input line 848.
Package babel Info: Redefining ngerman shorthand "~
(babel)             in language  on input line 848.

Underfull \hbox (badness 10000) in paragraph at lines 853--853
\T1/lmr/m/n/10 odi-si-tosd
 []


Underfull \hbox (badness 1831) in paragraph at lines 854--855
[]|\T1/lmr/m/n/10 Prüfen Sie, ob al-le ver-wen-de-ten Da-
 []


Underfull \hbox (badness 2894) in paragraph at lines 854--855
\T1/lmr/m/n/10 tei-en ASCII-Codiert und mit Linux-
 []


Underfull \hbox (badness 2495) in paragraph at lines 858--859
[]\T1/lmr/m/n/10 verwenden. Um ei-ne Da-tei ggf. ent-
 []


Underfull \hbox (badness 7631) in paragraph at lines 860--860
[]|\T1/lmr/m/n/10 csvtosd fin-
 []


Underfull \hbox (badness 10000) in paragraph at lines 860--860
\T1/lmr/m/n/10 det Sens-or-
 []


Underfull \hbox (badness 10000) in paragraph at lines 860--860
\T1/lmr/m/n/10 de-fi-ni-tio-nen
 []


Underfull \hbox (badness 1968) in paragraph at lines 860--861
\T1/lmr/m/n/10 der Sens-or-de-fi-ni-ti-ons-da-tei An-füh-rungs-
 []


Underfull \hbox (badness 10000) in paragraph at lines 862--862
[]|\T1/lmr/m/n/10 mergetsd
 []


Underfull \hbox (badness 10000) in paragraph at lines 862--862
\T1/lmr/m/n/10 fügt die
 []


Underfull \hbox (badness 10000) in paragraph at lines 862--862
\T1/lmr/m/n/10 Da-tei-en
 []


Underfull \hbox (badness 10000) in paragraph at lines 862--862
\T1/lmr/m/n/10 zeit-ver-setzt
 []

Package babel Info: Redefining ngerman shorthand "|
(babel)             in language  on input line 865.
Package babel Info: Redefining ngerman shorthand "~
(babel)             in language  on input line 865.
Package babel Info: Redefining ngerman shorthand "|
(babel)             in language  on input line 865.
Package babel Info: Redefining ngerman shorthand "~
(babel)             in language  on input line 865.
[52]
Package babel Info: Redefining ngerman shorthand "|
(babel)             in language  on input line 865.
Package babel Info: Redefining ngerman shorthand "~
(babel)             in language  on input line 865.

Underfull \hbox (badness 10000) in paragraph at lines 870--870
[]|\T1/lmr/m/n/10 Dichte und
 []


Underfull \hbox (badness 10000) in paragraph at lines 870--870
\T1/lmr/m/n/10 spe-zi-fi-sche
 []


Underfull \hbox (badness 10000) in paragraph at lines 870--870
\T1/lmr/m/n/10 Wär-me-ka-
 []


Underfull \hbox (badness 10000) in paragraph at lines 870--870
\T1/lmr/m/n/10 pa-zi-tät des
 []


Underfull \hbox (badness 10000) in paragraph at lines 870--870
\T1/lmr/m/n/10 Ma-te-ri-als
 []


Underfull \hbox (badness 10000) in paragraph at lines 870--870
\T1/lmr/m/n/10 über-nom-
 []


Underfull \hbox (badness 6510) in paragraph at lines 875--875
[]|\T1/lmr/m/n/10 Das Ob-jekt
 []


Underfull \hbox (badness 10000) in paragraph at lines 875--875
\T1/lmr/m/n/10 ist in der
 []


Underfull \hbox (badness 10000) in paragraph at lines 875--875
\T1/lmr/m/n/10 3D-Ansicht
 []


Underfull \hbox (badness 10000) in paragraph at lines 875--875
\T1/lmr/m/n/10 bei ho-hem
 []


Underfull \hbox (badness 10000) in paragraph at lines 875--875
\T1/lmr/m/n/10 Zoom nur
 []


Underfull \hbox (badness 2134) in paragraph at lines 875--875
\T1/lmr/m/n/10 Teil-wei-se zu
 []

Package babel Info: Redefining ngerman shorthand "|
(babel)             in language  on input line 877.
Package babel Info: Redefining ngerman shorthand "~
(babel)             in language  on input line 877.
Package babel Info: Redefining ngerman shorthand "|
(babel)             in language  on input line 877.
Package babel Info: Redefining ngerman shorthand "~
(babel)             in language  on input line 877.
[53]
Package babel Info: Redefining ngerman shorthand "|
(babel)             in language  on input line 877.
Package babel Info: Redefining ngerman shorthand "~
(babel)             in language  on input line 877.
Package babel Info: Redefining ngerman shorthand "|
(babel)             in language  on input line 877.
Package babel Info: Redefining ngerman shorthand "~
(babel)             in language  on input line 877.
 [54]
Package babel Info: Redefining ngerman shorthand "|
(babel)             in language  on input line 878.
Package babel Info: Redefining ngerman shorthand "~
(babel)             in language  on input line 878.

Underfull \hbox (badness 10000) in paragraph at lines 880--882

 []


Underfull \hbox (badness 10000) in paragraph at lines 883--887

 []


Underfull \hbox (badness 10000) in paragraph at lines 888--892

 []


Underfull \hbox (badness 10000) in paragraph at lines 893--894

 []

Package atveryend Info: Empty hook `BeforeClearDocument' on input line 897.
Package babel Info: Redefining ngerman shorthand "|
(babel)             in language  on input line 897.
Package babel Info: Redefining ngerman shorthand "~
(babel)             in language  on input line 897.
Package babel Info: Redefining ngerman shorthand "|
(babel)             in language  on input line 897.
Package babel Info: Redefining ngerman shorthand "~
(babel)             in language  on input line 897.
[55]
Package atveryend Info: Empty hook `AfterLastShipout' on input line 897.
 (./simpleanalyzer-man.aux)
Package atveryend Info: Executing hook `AtVeryEndDocument' on input line 897.
Package atveryend Info: Executing hook `AtEndAfterFileList' on input line 897.
Package rerunfilecheck Info: File `simpleanalyzer-man.out' has not changed.
(rerunfilecheck)             Checksum: C4F17A0BCA6484DB78BE30693996A175;3023.
Package atveryend Info: Empty hook `AtVeryVeryEnd' on input line 897.
 ) 
Here is how much of TeX's memory you used:
 11404 strings out of 494935
 172242 string characters out of 6178122
 333125 words of memory out of 5000000
 14267 multiletter control sequences out of 15000+600000
 51746 words of font info for 39 fonts, out of 8000000 for 9000
 36 hyphenation exceptions out of 8191
 40i,12n,51p,804b,1862s stack positions out of 5000i,500n,10000p,200000b,80000s
{/usr/share/texmf/fonts/enc/dvips/lm/lm-rm.enc}{/usr/share/texmf/fonts/enc/dv
ips/lm/lm-ec.enc}{/usr/share/texmf/fonts/enc/dvips/lm/lm-mathsy.enc}{/usr/share
/texmf/fonts/enc/dvips/lm/lm-mathit.enc}{/usr/share/texlive/texmf-dist/fonts/en
c/dvips/base/8r.enc}</usr/share/texmf/fonts/type1/public/lm/lmbx10.pfb></usr/sh
are/texmf/fonts/type1/public/lm/lmbx12.pfb></usr/share/texmf/fonts/type1/public
/lm/lmcsc10.pfb></usr/share/texmf/fonts/type1/public/lm/lmmi10.pfb></usr/share/
texmf/fonts/type1/public/lm/lmmi7.pfb></usr/share/texmf/fonts/type1/public/lm/l
mr10.pfb></usr/share/texmf/fonts/type1/public/lm/lmr17.pfb></usr/share/texmf/fo
nts/type1/public/lm/lmr5.pfb></usr/share/texmf/fonts/type1/public/lm/lmr7.pfb><
/usr/share/texmf/fonts/type1/public/lm/lmri10.pfb></usr/share/texmf/fonts/type1
/public/lm/lmss10.pfb></usr/share/texmf/fonts/type1/public/lm/lmss9.pfb></usr/s
hare/texmf/fonts/type1/public/lm/lmssbx10.pfb></usr/share/texmf/fonts/type1/pub
lic/lm/lmsso10.pfb></usr/share/texmf/fonts/type1/public/lm/lmsy10.pfb></usr/sha
re/texmf/fonts/type1/public/lm/lmsy7.pfb></usr/share/texlive/texmf-dist/fonts/t
ype1/urw/courier/ucrr8a.pfb>
Output written on simpleanalyzer-man.pdf (55 pages, 1775076 bytes).
PDF statistics:
 796 PDF objects out of 1000 (max. 8388607)
 677 compressed objects within 7 object streams
 192 named destinations out of 1000 (max. 500000)
 506 words of extra memory for PDF output out of 10000 (max. 10000000)

